2025-10-07T13:01:47.309943 BUY LABS.TO qty=71.0000 price=$0.0750
2025-10-07T13:02:38.050494 BUY DYA.TO qty=2.0000 price=$0.1350
2025-10-07T13:02:43.886198 BUY FL.V qty=1.0000 price=$0.6500
2025-10-07T13:02:51.921890 ATTEMPT BUY HMMJ.TO reason=qty_too_small qty=0 price=9.6600 cap=0.45
2025-10-07T13:02:58.498888 BUY LABS.TO qty=3.0000 price=$0.0750
2025-10-07T13:03:20.330953 BUY PWM.V qty=1.0000 price=$0.8100
2025-10-07T13:03:28.281743 BUY STC.TO qty=1.0000 price=$7.0800
2025-10-07T13:03:43.385162 ATTEMPT BUY XCS.TO reason=qty_too_small qty=0 price=28.7600 cap=0.05
2025-10-07T13:03:53.307915 ATTEMPT BUY BNE.TO reason=qty_too_small qty=0 price=3.5100 cap=0.05
2025-10-07T13:03:59.310772 BUY CFX.TO qty=1.0000 price=$0.3900
2025-10-07T13:04:13.465324 BUY DYA.TO qty=1.0000 price=$0.1350
2025-10-07T13:04:19.125202 ATTEMPT BUY FL.V reason=qty_too_small qty=0 price=0.6500 cap=0.02
2025-10-07T13:04:27.914041 ATTEMPT BUY HMMJ.TO reason=qty_too_small qty=0 price=9.6600 cap=0.02
2025-10-07T13:04:33.310036 BUY LABS.TO qty=1.0000 price=$0.0750
2025-10-07T13:04:54.012625 ATTEMPT BUY PWM.V reason=qty_too_small qty=0 price=0.8100 cap=0.02
2025-10-07T13:05:02.863317 ATTEMPT BUY STC.TO reason=qty_too_small qty=0 price=7.0800 cap=0.02
2025-10-07T13:05:18.063686 ATTEMPT BUY XCS.TO reason=qty_too_small qty=0 price=28.7600 cap=0.02
2025-10-07T13:05:28.353007 ATTEMPT BUY BNE.TO reason=qty_too_small qty=0 price=3.5100 cap=0.02
2025-10-07T13:05:38.125956 ATTEMPT BUY CFX.TO reason=qty_too_small qty=0 price=0.3900 cap=0.02
2025-10-07T13:05:48.725490 BUY DYA.TO qty=1.0000 price=$0.1350
2025-10-07T13:05:53.827321 ATTEMPT BUY FL.V reason=qty_too_small qty=0 price=0.6500 cap=0.01
2025-10-07T13:06:02.864591 ATTEMPT BUY HMMJ.TO reason=qty_too_small qty=0 price=9.6600 cap=0.01
2025-10-07T13:06:09.034887 BUY LABS.TO qty=1.0000 price=$0.0750
2025-10-07T13:06:29.243934 ATTEMPT BUY PWM.V reason=qty_too_small qty=0 price=0.8100 cap=0.01
2025-10-07T13:06:39.825054 ATTEMPT BUY STC.TO reason=qty_too_small qty=0 price=7.0800 cap=0.01
2025-10-07T13:06:53.099485 ATTEMPT BUY XCS.TO reason=qty_too_small qty=0 price=28.7600 cap=0.01
2025-10-07T13:07:03.451068 ATTEMPT BUY BNE.TO reason=qty_too_small qty=0 price=3.5100 cap=0.01
2025-10-07T13:07:08.977217 ATTEMPT BUY CFX.TO reason=qty_too_small qty=0 price=0.3900 cap=0.01
2025-10-07T13:07:23.527632 BUY DYA.TO qty=1.0000 price=$0.1350
2025-10-07T13:07:28.768098 ATTEMPT BUY FL.V reason=qty_too_small qty=0 price=0.6500 cap=0.00
2025-10-07T13:07:37.888178 ATTEMPT BUY HMMJ.TO reason=qty_too_small qty=0 price=9.6600 cap=0.00
2025-10-07T13:07:43.765841 ATTEMPT BUY LABS.TO reason=qty_too_small qty=0 price=0.0750 cap=0.00
2025-10-07T13:08:24.260875 ATTEMPT BUY XCS.TO reason=qty_too_small qty=0 price=28.7600 cap=0.00
2025-10-07T13:08:34.385388 ATTEMPT BUY BNE.TO reason=qty_too_small qty=0 price=3.5100 cap=0.00
2025-10-07T13:08:38.283486 ATTEMPT BUY CFX.TO reason=qty_too_small qty=0 price=0.3900 cap=0.00
2025-10-07T13:08:54.676287 ATTEMPT BUY DYA.TO reason=qty_too_small qty=0 price=0.1350 cap=0.00
2025-10-07T13:09:00.483018 ATTEMPT BUY FL.V reason=qty_too_small qty=0 price=0.6500 cap=0.00
2025-10-07T13:09:09.125290 ATTEMPT BUY HMMJ.TO reason=qty_too_small qty=0 price=9.6600 cap=0.00
2025-10-07T13:09:14.385840 ATTEMPT BUY LABS.TO reason=qty_too_small qty=0 price=0.0750 cap=0.00
2025-10-07T13:09:34.415299 ATTEMPT BUY PWM.V reason=qty_too_small qty=0 price=0.8100 cap=0.00
2025-10-07T13:09:45.229425 ATTEMPT BUY STC.TO reason=qty_too_small qty=0 price=7.0800 cap=0.00
2025-10-07T13:09:59.260215 ATTEMPT BUY XCS.TO reason=qty_too_small qty=0 price=28.7600 cap=0.00
2025-10-07T13:10:09.631949 ATTEMPT BUY BNE.TO reason=qty_too_small qty=0 price=3.5100 cap=0.00
2025-10-07T13:10:14.594416 ATTEMPT BUY CFX.TO reason=qty_too_small qty=0 price=0.3900 cap=0.00
2025-10-07T13:10:40.735124 ATTEMPT BUY HMMJ.TO reason=qty_too_small qty=0 price=9.6600 cap=0.00
2025-10-07T13:10:45.754462 ATTEMPT BUY LABS.TO reason=qty_too_small qty=0 price=0.0750 cap=0.00
2025-10-07T13:11:06.432852 ATTEMPT BUY PWM.V reason=qty_too_small qty=0 price=0.8100 cap=0.00
2025-10-07T13:11:15.174207 ATTEMPT BUY STC.TO reason=qty_too_small qty=0 price=7.0800 cap=0.00
2025-10-07T13:11:29.657584 ATTEMPT BUY XCS.TO reason=qty_too_small qty=0 price=28.7600 cap=0.00
2025-10-07T13:11:40.703327 ATTEMPT BUY BNE.TO reason=qty_too_small qty=0 price=3.5100 cap=0.00
2025-10-07T13:11:45.554155 ATTEMPT BUY CFX.TO reason=qty_too_small qty=0 price=0.3900 cap=0.00
2025-10-07T13:12:00.543863 ATTEMPT BUY DYA.TO reason=qty_too_small qty=0 price=0.1350 cap=0.00
2025-10-07T13:12:08.156404 ATTEMPT BUY FL.V reason=qty_too_small qty=0 price=0.6500 cap=0.00
2025-10-07T13:12:15.810930 ATTEMPT BUY HMMJ.TO reason=qty_too_small qty=0 price=9.6600 cap=0.00
2025-10-07T13:12:21.904748 ATTEMPT BUY LABS.TO reason=qty_too_small qty=0 price=0.0750 cap=0.00
2025-10-07T13:12:41.956644 ATTEMPT BUY PWM.V reason=qty_too_small qty=0 price=0.8100 cap=0.00
2025-10-07T13:12:51.052589 ATTEMPT BUY STC.TO reason=qty_too_small qty=0 price=7.0800 cap=0.00
2025-10-07T13:13:07.657167 ATTEMPT BUY XCS.TO reason=qty_too_small qty=0 price=28.7600 cap=0.00
2025-10-07T13:13:29.275666 ATTEMPT BUY BNE.TO reason=qty_too_small qty=0 price=3.5100 cap=0.00
2025-10-07T13:14:57.949265 ATTEMPT BUY FL.V reason=qty_too_small qty=0 price=0.6500 cap=0.00
2025-10-07T13:15:50.354457 ATTEMPT BUY LABS.TO reason=qty_too_small qty=0 price=0.0750 cap=0.00
2025-10-07T13:16:40.800503 ATTEMPT BUY PWM.V reason=qty_too_small qty=0 price=0.8100 cap=0.00
2025-10-07T13:17:52.846489 ATTEMPT BUY XCS.TO reason=qty_too_small qty=0 price=28.7600 cap=0.00
2025-10-07T13:18:44.625446 ATTEMPT BUY CFX.TO reason=qty_too_small qty=0 price=0.3900 cap=0.00
2025-10-07T13:19:53.346195 ATTEMPT BUY FL.V reason=qty_too_small qty=0 price=0.6400 cap=0.00
2025-10-07T13:20:44.686725 ATTEMPT BUY LABS.TO reason=qty_too_small qty=0 price=0.0750 cap=0.00
2025-10-07T13:21:56.619214 ATTEMPT BUY PWM.V reason=qty_too_small qty=0 price=0.8100 cap=0.00
2025-10-07T13:23:51.173527 ATTEMPT BUY CFX.TO reason=qty_too_small qty=0 price=0.3900 cap=0.00
2025-10-07T13:24:44.096819 ATTEMPT BUY DYA.TO reason=qty_too_small qty=0 price=0.1350 cap=0.00
2025-10-07T13:25:54.188927 ATTEMPT BUY LABS.TO reason=qty_too_small qty=0 price=0.0750 cap=0.00
2025-10-07T13:28:27.628664 ATTEMPT BUY DYA.TO reason=qty_too_small qty=0 price=0.1350 cap=0.00
2025-10-07T13:28:33.475860 ATTEMPT BUY FL.V reason=qty_too_small qty=0 price=0.6400 cap=0.00
2025-10-07T13:28:42.769012 ATTEMPT BUY HMMJ.TO reason=qty_too_small qty=0 price=9.6700 cap=0.00
2025-10-07T13:28:48.700635 ATTEMPT BUY LABS.TO reason=qty_too_small qty=0 price=0.0750 cap=0.00
2025-10-07T13:29:08.658324 ATTEMPT BUY PWM.V reason=qty_too_small qty=0 price=0.8100 cap=0.00
2025-10-07T13:29:18.265977 ATTEMPT BUY STC.TO reason=qty_too_small qty=0 price=7.0800 cap=0.00
2025-10-07T13:29:32.236870 ATTEMPT BUY XCS.TO reason=qty_too_small qty=0 price=28.7600 cap=0.00
2025-10-07T13:29:42.785225 ATTEMPT BUY BNE.TO reason=qty_too_small qty=0 price=3.4900 cap=0.00
2025-10-07T13:30:52.330510 ATTEMPT BUY DYA.TO reason=qty_too_small qty=0 price=0.1350 cap=0.00
2025-10-07T13:30:52.584280 ATTEMPT BUY FL.V reason=qty_too_small qty=0 price=0.6400 cap=0.00
2025-10-07T13:31:44.510546 ATTEMPT BUY LABS.TO reason=qty_too_small qty=0 price=0.0800 cap=0.00
2025-10-07T13:32:53.235132 ATTEMPT BUY PWM.V reason=qty_too_small qty=0 price=0.8100 cap=0.00
2025-10-07T13:34:50.685042 ATTEMPT BUY CFX.TO reason=qty_too_small qty=0 price=0.3900 cap=0.00
2025-10-07T13:35:46.752634 ATTEMPT BUY FL.V reason=qty_too_small qty=0 price=0.6400 cap=0.00
2025-10-07T13:36:21.964547 ATTEMPT BUY LABS.TO reason=qty_too_small qty=0 price=0.0800 cap=0.00
2025-10-07T13:37:52.784897 ATTEMPT BUY STC.TO reason=qty_too_small qty=0 price=7.0800 cap=0.00
2025-10-07T13:38:44.517566 ATTEMPT BUY XCS.TO reason=qty_too_small qty=0 price=28.7600 cap=0.00
2025-10-07T13:39:16.746506 ATTEMPT BUY BNE.TO reason=qty_too_small qty=0 price=3.5100 cap=0.00
2025-10-07T13:40:04.455946 ATTEMPT BUY DYA.TO reason=qty_too_small qty=0 price=0.1350 cap=0.00
2025-10-07T13:41:12.978255 ATTEMPT BUY LABS.TO reason=qty_too_small qty=0 price=0.0800 cap=0.00
2025-10-07T13:42:41.862601 ATTEMPT BUY STC.TO reason=qty_too_small qty=0 price=7.0800 cap=0.00
2025-10-07T13:44:04.609356 ATTEMPT BUY BNE.TO reason=qty_too_small qty=0 price=3.5100 cap=0.00
2025-10-07T13:45:11.158700 ATTEMPT BUY DYA.TO reason=qty_too_small qty=0 price=0.1350 cap=0.00
2025-10-07T13:45:47.799028 ATTEMPT BUY HMMJ.TO reason=qty_too_small qty=0 price=9.6700 cap=0.00
2025-10-07T13:46:57.819238 ATTEMPT BUY PWM.V reason=qty_too_small qty=0 price=0.8000 cap=0.00
2025-10-07T13:48:21.234758 ATTEMPT BUY XCS.TO reason=qty_too_small qty=0 price=28.7700 cap=0.00
2025-10-07T13:48:55.566956 ATTEMPT BUY BNE.TO reason=qty_too_small qty=0 price=3.5100 cap=0.00
2025-10-07T13:48:57.254619 ATTEMPT BUY CFX.TO reason=qty_too_small qty=0 price=0.3900 cap=0.00
2025-10-07T13:49:48.803424 ATTEMPT BUY DYA.TO reason=qty_too_small qty=0 price=0.1350 cap=0.00
2025-10-07T13:50:06.238825 ATTEMPT BUY FL.V reason=qty_too_small qty=0 price=0.6400 cap=0.00
2025-10-07T13:50:40.153373 ATTEMPT BUY HMMJ.TO reason=qty_too_small qty=0 price=9.6200 cap=0.00
2025-10-07T13:50:42.674344 ATTEMPT BUY LABS.TO reason=qty_too_small qty=0 price=0.0800 cap=0.00
2025-10-07T13:51:52.912003 ATTEMPT BUY PWM.V reason=qty_too_small qty=0 price=0.8000 cap=0.00
2025-10-07T13:53:48.647307 ATTEMPT BUY CFX.TO reason=qty_too_small qty=0 price=0.3900 cap=0.00
2025-10-07T13:54:41.589227 ATTEMPT BUY DYA.TO reason=qty_too_small qty=0 price=0.1350 cap=0.00
2025-10-07T13:54:42.616478 ATTEMPT BUY FL.V reason=qty_too_small qty=0 price=0.6400 cap=0.00
2025-10-07T13:55:16.147767 ATTEMPT BUY HMMJ.TO reason=qty_too_small qty=0 price=9.6200 cap=0.00
2025-10-07T13:56:43.128862 ATTEMPT BUY STC.TO reason=qty_too_small qty=0 price=7.0800 cap=0.00
2025-10-07T13:57:51.690259 ATTEMPT BUY BNE.TO reason=qty_too_small qty=0 price=3.5200 cap=0.00
2025-10-07T13:58:09.064207 ATTEMPT BUY CFX.TO reason=qty_too_small qty=0 price=0.3900 cap=0.00
2025-10-07T13:59:18.640566 ATTEMPT BUY FL.V reason=qty_too_small qty=0 price=0.6300 cap=0.00
2025-10-07T13:59:53.071212 ATTEMPT BUY HMMJ.TO reason=qty_too_small qty=0 price=9.6200 cap=0.00
2025-10-07T14:00:04.659959 ATTEMPT BUY LABS.TO reason=qty_too_small qty=0 price=0.0800 cap=0.00
2025-10-07T14:01:11.603383 ATTEMPT BUY PWM.V reason=qty_too_small qty=0 price=0.8000 cap=0.00
2025-10-07T14:01:45.946532 ATTEMPT BUY STC.TO reason=qty_too_small qty=0 price=7.0800 cap=0.00
2025-10-07T14:02:20.769180 ATTEMPT BUY XCS.TO reason=qty_too_small qty=0 price=28.7700 cap=0.00
2025-10-07T14:02:54.569960 ATTEMPT BUY BNE.TO reason=qty_too_small qty=0 price=3.5200 cap=0.00
2025-10-07T14:03:05.092907 ATTEMPT BUY CFX.TO reason=qty_too_small qty=0 price=0.3900 cap=0.00
2025-10-07T14:03:41.020124 ATTEMPT BUY DYA.TO reason=qty_too_small qty=0 price=0.1350 cap=0.00
2025-10-07T14:03:42.118142 ATTEMPT BUY FL.V reason=qty_too_small qty=0 price=0.6300 cap=0.00
2025-10-07T14:04:15.193182 ATTEMPT BUY HMMJ.TO reason=qty_too_small qty=0 price=9.6000 cap=0.00
2025-10-07T14:05:38.757134 ATTEMPT BUY PWM.V reason=qty_too_small qty=0 price=0.8050 cap=0.00
2025-10-07T14:06:11.840857 ATTEMPT BUY STC.TO reason=qty_too_small qty=0 price=7.0800 cap=0.00
2025-10-07T14:06:47.802653 ATTEMPT BUY XCS.TO reason=qty_too_small qty=0 price=28.7700 cap=0.00
2025-10-07T14:07:20.715739 ATTEMPT BUY BNE.TO reason=qty_too_small qty=0 price=3.5200 cap=0.00
2025-10-07T14:08:05.387253 ATTEMPT BUY DYA.TO reason=qty_too_small qty=0 price=0.1350 cap=0.00
2025-10-07T14:08:42.894321 ATTEMPT BUY HMMJ.TO reason=qty_too_small qty=0 price=9.6000 cap=0.00
2025-10-07T14:09:51.906211 ATTEMPT BUY PWM.V reason=qty_too_small qty=0 price=0.8050 cap=0.00
2025-10-07T14:11:15.033742 ATTEMPT BUY XCS.TO reason=qty_too_small qty=0 price=28.7700 cap=0.00
2025-10-07T14:11:48.499226 ATTEMPT BUY BNE.TO reason=qty_too_small qty=0 price=3.5200 cap=0.00
2025-10-07T14:12:05.203024 ATTEMPT BUY CFX.TO reason=qty_too_small qty=0 price=0.3900 cap=0.00
2025-10-07T14:12:42.191014 ATTEMPT BUY DYA.TO reason=qty_too_small qty=0 price=0.1350 cap=0.00
2025-10-07T14:13:48.674100 ATTEMPT BUY LABS.TO reason=qty_too_small qty=0 price=0.0800 cap=0.00
2025-10-07T14:16:53.434188 ATTEMPT BUY CFX.TO reason=qty_too_small qty=0 price=0.3900 cap=0.00
2025-10-07T14:17:39.835697 ATTEMPT BUY DYA.TO reason=qty_too_small qty=0 price=0.1350 cap=0.00
2025-10-07T14:17:42.100015 ATTEMPT BUY FL.V reason=qty_too_small qty=0 price=0.6300 cap=0.00
2025-10-07T14:18:14.870819 ATTEMPT BUY HMMJ.TO reason=qty_too_small qty=0 price=9.6000 cap=0.00
2025-10-07T14:19:39.008760 ATTEMPT BUY PWM.V reason=qty_too_small qty=0 price=0.8100 cap=0.00
2025-10-07T14:20:11.542140 ATTEMPT BUY STC.TO reason=qty_too_small qty=0 price=7.0800 cap=0.00
2025-10-07T14:20:47.896509 ATTEMPT BUY XCS.TO reason=qty_too_small qty=0 price=28.7700 cap=0.00
2025-10-07T14:21:20.787978 ATTEMPT BUY BNE.TO reason=qty_too_small qty=0 price=3.5200 cap=0.00
2025-10-07T14:22:15.707779 ATTEMPT BUY DYA.TO reason=qty_too_small qty=0 price=0.1350 cap=0.00
2025-10-07T14:22:51.374949 ATTEMPT BUY HMMJ.TO reason=qty_too_small qty=0 price=9.6000 cap=0.00
2025-10-07T14:23:08.317587 ATTEMPT BUY LABS.TO reason=qty_too_small qty=0 price=0.0800 cap=0.00
2025-10-07T14:24:15.903543 ATTEMPT BUY PWM.V reason=qty_too_small qty=0 price=0.8100 cap=0.00
2025-10-07T14:24:49.483384 ATTEMPT BUY STC.TO reason=qty_too_small qty=0 price=7.0800 cap=0.00
2025-10-07T14:26:15.026211 ATTEMPT BUY CFX.TO reason=qty_too_small qty=0 price=0.3900 cap=0.00
2025-10-07T14:26:52.622216 ATTEMPT BUY DYA.TO reason=qty_too_small qty=0 price=0.1350 cap=0.00
2025-10-07T14:27:10.567658 ATTEMPT BUY FL.V reason=qty_too_small qty=0 price=0.6300 cap=0.00
2025-10-07T14:27:44.763471 ATTEMPT BUY HMMJ.TO reason=qty_too_small qty=0 price=9.6000 cap=0.00
2025-10-07T14:28:01.121315 ATTEMPT BUY LABS.TO reason=qty_too_small qty=0 price=0.0800 cap=0.00
2025-10-07T14:29:05.549723 ATTEMPT BUY PWM.V reason=qty_too_small qty=0 price=0.8100 cap=0.00
2025-10-07T14:29:40.486047 ATTEMPT BUY STC.TO reason=qty_too_small qty=0 price=7.0800 cap=0.00
2025-10-07T14:30:16.288125 ATTEMPT BUY XCS.TO reason=qty_too_small qty=0 price=28.7700 cap=0.00
2025-10-07T14:30:50.797306 ATTEMPT BUY BNE.TO reason=qty_too_small qty=0 price=3.5500 cap=0.00
2025-10-07T14:30:53.111058 ATTEMPT BUY CFX.TO reason=qty_too_small qty=0 price=0.3900 cap=0.00
2025-10-07T14:31:39.047074 ATTEMPT BUY DYA.TO reason=qty_too_small qty=0 price=0.1350 cap=0.00
2025-10-07T14:32:46.925137 ATTEMPT BUY LABS.TO reason=qty_too_small qty=0 price=0.0800 cap=0.00
2025-10-07T14:34:04.699338 ATTEMPT BUY STC.TO reason=qty_too_small qty=0 price=7.0800 cap=0.00
2025-10-07T14:34:38.059939 ATTEMPT BUY XCS.TO reason=qty_too_small qty=0 price=28.7700 cap=0.00
2025-10-07T14:35:11.017686 ATTEMPT BUY BNE.TO reason=qty_too_small qty=0 price=3.5500 cap=0.00
2025-10-07T14:36:18.587846 ATTEMPT BUY DYA.TO reason=qty_too_small qty=0 price=0.1350 cap=0.00
2025-10-07T14:37:13.706746 ATTEMPT BUY HMMJ.TO reason=qty_too_small qty=0 price=9.5700 cap=0.00
2025-10-07T14:38:40.170120 ATTEMPT BUY PWM.V reason=qty_too_small qty=0 price=0.8100 cap=0.00
2025-10-07T14:39:48.702912 ATTEMPT BUY XCS.TO reason=qty_too_small qty=0 price=28.7700 cap=0.00
2025-10-07T14:40:39.538025 ATTEMPT BUY CFX.TO reason=qty_too_small qty=0 price=0.3900 cap=0.00
2025-10-07T14:41:47.514796 ATTEMPT BUY FL.V reason=qty_too_small qty=0 price=0.6300 cap=0.00
2025-10-07T14:42:20.614745 ATTEMPT BUY LABS.TO reason=qty_too_small qty=0 price=0.0800 cap=0.00
2025-10-07T14:43:13.446312 ATTEMPT BUY PWM.V reason=qty_too_small qty=0 price=0.8100 cap=0.00
2025-10-07T14:43:47.653242 ATTEMPT BUY STC.TO reason=qty_too_small qty=0 price=7.0800 cap=0.00
2025-10-07T14:45:10.320210 ATTEMPT BUY BNE.TO reason=qty_too_small qty=0 price=3.5500 cap=0.00
2025-10-07T14:46:16.901627 ATTEMPT BUY DYA.TO reason=qty_too_small qty=0 price=0.1350 cap=0.00
2025-10-07T14:46:52.308133 ATTEMPT BUY HMMJ.TO reason=qty_too_small qty=0 price=9.5700 cap=0.00
2025-10-07T14:47:08.746738 ATTEMPT BUY LABS.TO reason=qty_too_small qty=0 price=0.0800 cap=0.00
2025-10-07T14:48:15.552737 ATTEMPT BUY PWM.V reason=qty_too_small qty=0 price=0.8100 cap=0.00
2025-10-07T14:48:50.458659 ATTEMPT BUY STC.TO reason=qty_too_small qty=0 price=7.0800 cap=0.00
2025-10-07T14:50:15.619537 ATTEMPT BUY CFX.TO reason=qty_too_small qty=0 price=0.3900 cap=0.00
2025-10-07T14:50:52.244729 ATTEMPT BUY DYA.TO reason=qty_too_small qty=0 price=0.1350 cap=0.00
2025-10-07T14:51:09.097952 ATTEMPT BUY FL.V reason=qty_too_small qty=0 price=0.6300 cap=0.00
2025-10-07T14:51:43.320327 ATTEMPT BUY HMMJ.TO reason=qty_too_small qty=0 price=9.5700 cap=0.00
2025-10-07T14:52:51.958607 ATTEMPT BUY PWM.V reason=qty_too_small qty=0 price=0.8000 cap=0.00
2025-10-07T14:54:16.091822 ATTEMPT BUY XCS.TO reason=qty_too_small qty=0 price=28.7700 cap=0.00
2025-10-07T14:54:50.595444 ATTEMPT BUY BNE.TO reason=qty_too_small qty=0 price=3.5500 cap=0.00
2025-10-07T14:54:52.467506 ATTEMPT BUY CFX.TO reason=qty_too_small qty=0 price=0.3900 cap=0.00
2025-10-07T14:55:42.832790 ATTEMPT BUY DYA.TO reason=qty_too_small qty=0 price=0.1350 cap=0.00
2025-10-07T14:55:43.436186 ATTEMPT BUY FL.V reason=qty_too_small qty=0 price=0.6300 cap=0.00
2025-10-07T14:56:18.549497 ATTEMPT BUY HMMJ.TO reason=qty_too_small qty=0 price=9.5700 cap=0.00
2025-10-07T14:57:47.468982 ATTEMPT BUY PWM.V reason=qty_too_small qty=0 price=0.8000 cap=0.00
2025-10-07T14:58:55.233322 ATTEMPT BUY XCS.TO reason=qty_too_small qty=0 price=28.7700 cap=0.00
2025-10-07T14:59:05.666681 ATTEMPT BUY BNE.TO reason=qty_too_small qty=0 price=3.5500 cap=0.00
2025-10-07T15:00:18.537822 ATTEMPT BUY FL.V reason=qty_too_small qty=0 price=0.6300 cap=0.00
2025-10-07T15:00:53.149766 ATTEMPT BUY HMMJ.TO reason=qty_too_small qty=0 price=9.5700 cap=0.00
2025-10-07T15:01:05.459572 ATTEMPT BUY LABS.TO reason=qty_too_small qty=0 price=0.0800 cap=0.00
2025-10-07T15:03:09.249042 ATTEMPT BUY XCS.TO reason=qty_too_small qty=0 price=28.7700 cap=0.00
2025-10-07T15:03:45.387710 ATTEMPT BUY BNE.TO reason=qty_too_small qty=0 price=3.5500 cap=0.00
2025-10-07T15:04:02.627656 ATTEMPT BUY CFX.TO reason=qty_too_small qty=0 price=0.3900 cap=0.00
2025-10-07T15:04:55.543077 ATTEMPT BUY DYA.TO reason=qty_too_small qty=0 price=0.1350 cap=0.00
2025-10-07T15:05:05.956733 ATTEMPT BUY FL.V reason=qty_too_small qty=0 price=0.6400 cap=0.00
2025-10-07T15:05:41.800520 ATTEMPT BUY LABS.TO reason=qty_too_small qty=0 price=0.0800 cap=0.00
2025-10-07T15:07:05.688362 ATTEMPT BUY STC.TO reason=qty_too_small qty=0 price=7.0800 cap=0.00
2025-10-07T15:07:41.301963 ATTEMPT BUY XCS.TO reason=qty_too_small qty=0 price=28.7700 cap=0.00
2025-10-07T15:08:18.684801 ATTEMPT BUY CFX.TO reason=qty_too_small qty=0 price=0.3900 cap=0.00
2025-10-07T15:09:12.675758 ATTEMPT BUY DYA.TO reason=qty_too_small qty=0 price=0.1350 cap=0.00
2025-10-07T15:10:05.385480 ATTEMPT BUY HMMJ.TO reason=qty_too_small qty=0 price=9.5700 cap=0.00
2025-10-07T15:11:18.943435 ATTEMPT BUY PWM.V reason=qty_too_small qty=0 price=0.8000 cap=0.00
2025-10-07T15:11:54.209167 ATTEMPT BUY STC.TO reason=qty_too_small qty=0 price=7.0800 cap=0.00
2025-10-07T15:12:47.378388 ATTEMPT BUY XCS.TO reason=qty_too_small qty=0 price=28.7700 cap=0.00
2025-10-07T15:13:22.108262 ATTEMPT BUY CFX.TO reason=qty_too_small qty=0 price=0.3900 cap=0.00
2025-10-07T15:14:16.062506 ATTEMPT BUY DYA.TO reason=qty_too_small qty=0 price=0.1350 cap=0.00
2025-10-07T15:14:52.625056 ATTEMPT BUY HMMJ.TO reason=qty_too_small qty=0 price=9.5700 cap=0.00
2025-10-07T15:15:10.203047 ATTEMPT BUY LABS.TO reason=qty_too_small qty=0 price=0.0800 cap=0.00
2025-10-07T15:16:06.268327 ATTEMPT BUY PWM.V reason=qty_too_small qty=0 price=0.8000 cap=0.00
2025-10-07T15:16:42.246320 ATTEMPT BUY STC.TO reason=qty_too_small qty=0 price=7.0800 cap=0.00
2025-10-07T15:17:17.666589 ATTEMPT BUY XCS.TO reason=qty_too_small qty=0 price=28.7700 cap=0.00
2025-10-07T15:18:05.673977 ATTEMPT BUY CFX.TO reason=qty_too_small qty=0 price=0.3900 cap=0.00
2025-10-07T15:18:43.553517 ATTEMPT BUY DYA.TO reason=qty_too_small qty=0 price=0.1350 cap=0.00
2025-10-07T15:19:53.233691 ATTEMPT BUY LABS.TO reason=qty_too_small qty=0 price=0.0800 cap=0.00
2025-10-07T15:20:44.684967 ATTEMPT BUY PWM.V reason=qty_too_small qty=0 price=0.8000 cap=0.00
2025-10-07T15:21:19.334753 ATTEMPT BUY STC.TO reason=qty_too_small qty=0 price=7.0800 cap=0.00
2025-10-07T15:22:04.853386 ATTEMPT BUY XCS.TO reason=qty_too_small qty=0 price=28.7700 cap=0.00
2025-10-07T15:22:40.917717 ATTEMPT BUY CFX.TO reason=qty_too_small qty=0 price=0.3900 cap=0.00
2025-10-07T15:23:15.975535 ATTEMPT BUY DYA.TO reason=qty_too_small qty=0 price=0.1350 cap=0.00
2025-10-07T15:23:53.341524 ATTEMPT BUY HMMJ.TO reason=qty_too_small qty=0 price=9.6000 cap=0.00
2025-10-07T15:24:05.836338 ATTEMPT BUY LABS.TO reason=qty_too_small qty=0 price=0.0800 cap=0.00
2025-10-07T15:26:08.716441 ATTEMPT BUY XCS.TO reason=qty_too_small qty=0 price=28.7700 cap=0.00
2025-10-07T15:27:54.216821 ATTEMPT BUY DYA.TO reason=qty_too_small qty=0 price=0.1350 cap=0.00
2025-10-07T15:28:12.424323 ATTEMPT BUY FL.V reason=qty_too_small qty=0 price=0.6400 cap=0.00
2025-10-07T15:28:47.897624 ATTEMPT BUY LABS.TO reason=qty_too_small qty=0 price=0.0800 cap=0.00
2025-10-07T15:28:47.958164 ATTEMPT BUY HMMJ.TO reason=qty_too_small qty=0 price=9.6000 cap=0.00
2025-10-07T15:29:57.398119 ATTEMPT BUY PWM.V reason=qty_too_small qty=0 price=0.8000 cap=0.00
2025-10-07T15:30:05.715757 ATTEMPT BUY STC.TO reason=qty_too_small qty=0 price=7.1500 cap=0.00
2025-10-07T15:30:42.854482 ATTEMPT BUY XCS.TO reason=qty_too_small qty=0 price=28.7700 cap=0.00
2025-10-07T15:32:09.217626 ATTEMPT BUY DYA.TO reason=qty_too_small qty=0 price=0.1350 cap=0.00
2025-10-07T15:33:18.393072 ATTEMPT BUY LABS.TO reason=qty_too_small qty=0 price=0.0800 cap=0.00
2025-10-07T15:34:48.002373 ATTEMPT BUY STC.TO reason=qty_too_small qty=0 price=7.1500 cap=0.00
2025-10-07T15:36:15.827724 ATTEMPT BUY CFX.TO reason=qty_too_small qty=0 price=0.3900 cap=0.00
2025-10-07T15:36:52.055777 ATTEMPT BUY DYA.TO reason=qty_too_small qty=0 price=0.1350 cap=0.00
2025-10-07T15:37:10.097270 ATTEMPT BUY FL.V reason=qty_too_small qty=0 price=0.6400 cap=0.00
2025-10-07T15:37:46.269491 ATTEMPT BUY HMMJ.TO reason=qty_too_small qty=0 price=9.6000 cap=0.00
2025-10-07T15:37:49.152099 ATTEMPT BUY LABS.TO reason=qty_too_small qty=0 price=0.0800 cap=0.00
2025-10-07T15:38:44.254489 ATTEMPT BUY PWM.V reason=qty_too_small qty=0 price=0.8100 cap=0.00
2025-10-07T15:39:16.889979 ATTEMPT BUY STC.TO reason=qty_too_small qty=0 price=7.1500 cap=0.00
2025-10-07T15:39:52.223851 ATTEMPT BUY XCS.TO reason=qty_too_small qty=0 price=28.7700 cap=0.00
2025-10-07T15:40:45.104226 ATTEMPT BUY CFX.TO reason=qty_too_small qty=0 price=0.3900 cap=0.00
2025-10-07T15:41:55.338437 ATTEMPT BUY FL.V reason=qty_too_small qty=0 price=0.6400 cap=0.00
2025-10-07T15:42:46.181324 ATTEMPT BUY LABS.TO reason=qty_too_small qty=0 price=0.0800 cap=0.00
